==7599== Memcheck, a memory error detector
==7599== Copyright (C) 2002-2017, and GNU GPL'd, by Julian Seward et al.
==7599== Using Valgrind-3.16.1 and LibVEX; rerun with -h for copyright info
==7599== Command: ./emulator8080 rom/invaders
==7599== Parent PID: 7598
==7599== 
==7599== 
==7599== HEAP SUMMARY:
==7599==     in use at exit: 233,576 bytes in 1,018 blocks
==7599==   total heap usage: 66,744 allocs, 65,726 frees, 110,935,466 bytes allocated
==7599== 
==7599== LEAK SUMMARY:
==7599==    definitely lost: 0 bytes in 0 blocks
==7599==    indirectly lost: 0 bytes in 0 blocks
==7599==      possibly lost: 0 bytes in 0 blocks
==7599==    still reachable: 0 bytes in 0 blocks
==7599==         suppressed: 233,576 bytes in 1,018 blocks
==7599== 
==7599== For lists of detected and suppressed errors, rerun with: -s
==7599== ERROR SUMMARY: 0 errors from 0 contexts (suppressed: 1 from 1)
